Using pre-set license
Built from '2020.3/release' branch; Version is '2020.3.34f1 (9a4c9c70452b) revision 10112156'; Using compiler version '192528614'; Build Type 'Release'
OS: 'Windows 10  (10.0.19043) 64bit Professional' Language: 'sv' Physical Memory: 16349 MB
BatchMode: 1, IsHumanControllingUs: 0, StartBugReporterOnCrash: 0, Is64bit: 1, IsPro: 0

COMMAND LINE ARGUMENTS:
C:\Program Files\Unity\Hub\Editor\2020.3.34f1\Editor\Unity.exe
-adb2
-batchMode
-noUpm
-name
AssetImportWorker1
-projectPath
E:/SPM/TankTower_GAME/SPM-Group-3/SPM Grupp3
-logFile
Logs/AssetImportWorker1.log
-srvPort
56726
Successfully changed project path to: E:/SPM/TankTower_GAME/SPM-Group-3/SPM Grupp3
E:/SPM/TankTower_GAME/SPM-Group-3/SPM Grupp3
Using Asset Import Pipeline V2.
Refreshing native plugins compatible for Editor in 76.67 ms, found 2 plugins.
Preloading 0 native plugins for Editor in 0.00 ms.
Initialize engine version: 2020.3.34f1 (9a4c9c70452b)
[Subsystems] Discovering subsystems at path C:/Program Files/Unity/Hub/Editor/2020.3.34f1/Editor/Data/Resources/UnitySubsystems
[Subsystems] Discovering subsystems at path E:/SPM/TankTower_GAME/SPM-Group-3/SPM Grupp3/Assets
GfxDevice: creating device client; threaded=0
Direct3D:
    Version:  Direct3D 11.0 [level 11.1]
    Renderer: NVIDIA GeForce GTX 1050 Ti (ID=0x1c82)
    Vendor:   
    VRAM:     4018 MB
    Driver:   27.21.14.5671
Initialize mono
Mono path[0] = 'C:/Program Files/Unity/Hub/Editor/2020.3.34f1/Editor/Data/Managed'
Mono path[1] = 'C:/Program Files/Unity/Hub/Editor/2020.3.34f1/Editor/Data/MonoBleedingEdge/lib/mono/unityjit'
Mono config path = 'C:/Program Files/Unity/Hub/Editor/2020.3.34f1/Editor/Data/MonoBleedingEdge/etc'
Using monoOptions --debugger-agent=transport=dt_socket,embedding=1,server=y,suspend=n,address=127.0.0.1:56700
Begin MonoManager ReloadAssembly
Registering precompiled unity dll's ...
Register platform support module: C:/Program Files/Unity/Hub/Editor/2020.3.34f1/Editor/Data/PlaybackEngines/WebGLSupport/UnityEditor.WebGL.Extensions.dll
Register platform support module: C:/Program Files/Unity/Hub/Editor/2020.3.34f1/Editor/Data/PlaybackEngines/WindowsStandaloneSupport/UnityEditor.WindowsStandalone.Extensions.dll
Registered in 0.003112 seconds.
Native extension for WindowsStandalone target not found
Native extension for WebGL target not found
Refreshing native plugins compatible for Editor in 73.47 ms, found 2 plugins.
Preloading 0 native plugins for Editor in 0.00 ms.
Mono: successfully reloaded assembly
- Completed reload, in  0.675 seconds
Domain Reload Profiling:
	ReloadAssembly (675ms)
		BeginReloadAssembly (64ms)
			ExecutionOrderSort (0ms)
			DisableScriptedObjects (0ms)
			BackupInstance (0ms)
			ReleaseScriptingObjects (0ms)
			CreateAndSetChildDomain (1ms)
		EndReloadAssembly (538ms)
			LoadAssemblies (62ms)
			RebuildTransferFunctionScriptingTraits (0ms)
			SetupTypeCache (190ms)
			ReleaseScriptCaches (0ms)
			RebuildScriptCaches (28ms)
			SetupLoadedEditorAssemblies (199ms)
				LogAssemblyErrors (0ms)
				InitializePlatformSupportModulesInManaged (5ms)
				SetLoadedEditorAssemblies (0ms)
				RefreshPlugins (74ms)
				BeforeProcessingInitializeOnLoad (16ms)
				ProcessInitializeOnLoadAttributes (76ms)
				ProcessInitializeOnLoadMethodAttributes (28ms)
				AfterProcessingInitializeOnLoad (0ms)
				EditorAssembliesLoaded (0ms)
			ExecutionOrderSort2 (0ms)
			AwakeInstancesAfterBackupRestoration (0ms)
Platform modules already initialized, skipping
Registering precompiled user dll's ...
Registered in 0.003317 seconds.
Begin MonoManager ReloadAssembly
Native extension for WindowsStandalone target not found
Native extension for WebGL target not found
Refreshing native plugins compatible for Editor in 70.26 ms, found 2 plugins.
Preloading 0 native plugins for Editor in 0.00 ms.
Mono: successfully reloaded assembly
- Completed reload, in  4.342 seconds
Domain Reload Profiling:
	ReloadAssembly (4344ms)
		BeginReloadAssembly (162ms)
			ExecutionOrderSort (0ms)
			DisableScriptedObjects (4ms)
			BackupInstance (0ms)
			ReleaseScriptingObjects (0ms)
			CreateAndSetChildDomain (20ms)
		EndReloadAssembly (4113ms)
			LoadAssemblies (3131ms)
			RebuildTransferFunctionScriptingTraits (0ms)
			SetupTypeCache (338ms)
			ReleaseScriptCaches (1ms)
			RebuildScriptCaches (54ms)
			SetupLoadedEditorAssemblies (481ms)
				LogAssemblyErrors (0ms)
				InitializePlatformSupportModulesInManaged (4ms)
				SetLoadedEditorAssemblies (0ms)
				RefreshPlugins (70ms)
				BeforeProcessingInitializeOnLoad (105ms)
				ProcessInitializeOnLoadAttributes (278ms)
				ProcessInitializeOnLoadMethodAttributes (15ms)
				AfterProcessingInitializeOnLoad (8ms)
				EditorAssembliesLoaded (0ms)
			ExecutionOrderSort2 (0ms)
			AwakeInstancesAfterBackupRestoration (2ms)
Platform modules already initialized, skipping
========================================================================
Worker process is ready to serve import requests
Launched and connected shader compiler UnityShaderCompiler.exe after 0.11 seconds
Refreshing native plugins compatible for Editor in 0.81 ms, found 2 plugins.
Preloading 0 native plugins for Editor in 0.00 ms.
Unloading 3335 Unused Serialized files (Serialized files now loaded: 0)
System memory in use before: 152.3 MB.
System memory in use after: 152.5 MB.

Unloading 20 unused Assets to reduce memory usage. Loaded Objects now: 3774.
Total: 4.057600 ms (FindLiveObjects: 0.408700 ms CreateObjectMapping: 0.296400 ms MarkObjects: 3.247600 ms  DeleteObjects: 0.103900 ms)

AssetImportParameters requested are different than current active one (requested -> active):
  custom:framework-win-MediaFoundation: 216162199b28c13a410421893ffa2e32 -> 
  custom:video-decoder-ogg-theora: a1e56fd34408186e4bbccfd4996cb3dc -> 
  custom:container-muxer-webm: aa71ff27fc2769a1b78a27578f13a17b -> 
  custom:container-demuxer-webm: 4f35f7cbe854078d1ac9338744f61a02 -> 
  custom:container-demuxer-ogg: 62fdf1f143b41e24485cea50d1cbac27 -> 
  custom:video-encoder-webm-vp8: eb34c28f22e8b96e1ab97ce403110664 -> 
  custom:video-decoder-webm-vp8: 9c59270c3fd7afecdb556c50c9e8de78 -> 
  custom:audio-decoder-ogg-vorbis: bf7c407c2cedff20999df2af8eb42d56 -> 
  custom:audio-encoder-webm-vorbis: bf7c407c2cedff20999df2af8eb42d56 -> 
========================================================================
Received Import Request.
  path: Assets/Scenes/MarkusHedenberg 3.unity
  artifactKey: Guid(0b59a0eba746b4e49b1f3f1dc692a770) Importer(815301076,1909f56bfc062723c751e8b465ee728b)
Start importing Assets/Scenes/MarkusHedenberg 3.unity using Guid(0b59a0eba746b4e49b1f3f1dc692a770) Importer(815301076,1909f56bfc062723c751e8b465ee728b)  -> (artifact id: '73aadf9c2db2556b521dd024e7d6e6f7') in 0.012152 seconds 
========================================================================
Received Import Request.
  Time since last request: 1.804164 seconds.
  path: Assets/Scenes/MarkusHedenberg 2.unity
  artifactKey: Guid(87f04b2538b0249409b54a23a737ed72) Importer(815301076,1909f56bfc062723c751e8b465ee728b)
Start importing Assets/Scenes/MarkusHedenberg 2.unity using Guid(87f04b2538b0249409b54a23a737ed72) Importer(815301076,1909f56bfc062723c751e8b465ee728b)  -> (artifact id: '26f1f707170fe0881ef16918c03a9a35') in 0.011898 seconds 
========================================================================
Received Import Request.
  Time since last request: 6.201840 seconds.
  path: Assets/Scenes/Noah-UI/Build_UI.unity
  artifactKey: Guid(384f2b523432d1d4bb1572d9c978819c) Importer(815301076,1909f56bfc062723c751e8b465ee728b)
Start importing Assets/Scenes/Noah-UI/Build_UI.unity using Guid(384f2b523432d1d4bb1572d9c978819c) Importer(815301076,1909f56bfc062723c751e8b465ee728b)  -> (artifact id: '8cfefbc5d9aaad16eeeafb0ada6787a1') in 0.010680 seconds 
========================================================================
Received Prepare
Registering precompiled user dll's ...
Registered in 0.003463 seconds.
Begin MonoManager ReloadAssembly
Native extension for WindowsStandalone target not found
Native extension for WebGL target not found
Refreshing native plugins compatible for Editor in 1.08 ms, found 2 plugins.
Preloading 0 native plugins for Editor in 0.00 ms.
Mono: successfully reloaded assembly
- Completed reload, in  1.505 seconds
Domain Reload Profiling:
	ReloadAssembly (1506ms)
		BeginReloadAssembly (155ms)
			ExecutionOrderSort (0ms)
			DisableScriptedObjects (5ms)
			BackupInstance (0ms)
			ReleaseScriptingObjects (0ms)
			CreateAndSetChildDomain (46ms)
		EndReloadAssembly (1275ms)
			LoadAssemblies (128ms)
			RebuildTransferFunctionScriptingTraits (0ms)
			SetupTypeCache (404ms)
			ReleaseScriptCaches (1ms)
			RebuildScriptCaches (63ms)
			SetupLoadedEditorAssemblies (439ms)
				LogAssemblyErrors (0ms)
				InitializePlatformSupportModulesInManaged (6ms)
				SetLoadedEditorAssemblies (1ms)
				RefreshPlugins (1ms)
				BeforeProcessingInitializeOnLoad (110ms)
				ProcessInitializeOnLoadAttributes (296ms)
				ProcessInitializeOnLoadMethodAttributes (15ms)
				AfterProcessingInitializeOnLoad (9ms)
				EditorAssembliesLoaded (0ms)
			ExecutionOrderSort2 (0ms)
			AwakeInstancesAfterBackupRestoration (7ms)
Platform modules already initialized, skipping
Refreshing native plugins compatible for Editor in 0.70 ms, found 2 plugins.
Preloading 0 native plugins for Editor in 0.00 ms.
Unloading 3198 Unused Serialized files (Serialized files now loaded: 0)
System memory in use before: 142.5 MB.
System memory in use after: 142.7 MB.

Unloading 13 unused Assets to reduce memory usage. Loaded Objects now: 3777.
Total: 3.134400 ms (FindLiveObjects: 0.227700 ms CreateObjectMapping: 0.149400 ms MarkObjects: 2.736600 ms  DeleteObjects: 0.019900 ms)

AssetImportParameters requested are different than current active one (requested -> active):
  custom:framework-win-MediaFoundation: 216162199b28c13a410421893ffa2e32 -> 
  custom:video-decoder-ogg-theora: a1e56fd34408186e4bbccfd4996cb3dc -> 
  custom:container-muxer-webm: aa71ff27fc2769a1b78a27578f13a17b -> 
  custom:container-demuxer-webm: 4f35f7cbe854078d1ac9338744f61a02 -> 
  custom:container-demuxer-ogg: 62fdf1f143b41e24485cea50d1cbac27 -> 
  custom:video-encoder-webm-vp8: eb34c28f22e8b96e1ab97ce403110664 -> 
  custom:video-decoder-webm-vp8: 9c59270c3fd7afecdb556c50c9e8de78 -> 
  custom:audio-decoder-ogg-vorbis: bf7c407c2cedff20999df2af8eb42d56 -> 
  custom:audio-encoder-webm-vorbis: bf7c407c2cedff20999df2af8eb42d56 -> 
========================================================================
Received Prepare
Registering precompiled user dll's ...
Registered in 0.003288 seconds.
Begin MonoManager ReloadAssembly
Native extension for WindowsStandalone target not found
Native extension for WebGL target not found
Refreshing native plugins compatible for Editor in 0.66 ms, found 2 plugins.
Preloading 0 native plugins for Editor in 0.00 ms.
Mono: successfully reloaded assembly
- Completed reload, in  1.178 seconds
Domain Reload Profiling:
	ReloadAssembly (1178ms)
		BeginReloadAssembly (113ms)
			ExecutionOrderSort (0ms)
			DisableScriptedObjects (5ms)
			BackupInstance (0ms)
			ReleaseScriptingObjects (0ms)
			CreateAndSetChildDomain (33ms)
		EndReloadAssembly (1005ms)
			LoadAssemblies (231ms)
			RebuildTransferFunctionScriptingTraits (0ms)
			SetupTypeCache (301ms)
			ReleaseScriptCaches (1ms)
			RebuildScriptCaches (38ms)
			SetupLoadedEditorAssemblies (331ms)
				LogAssemblyErrors (0ms)
				InitializePlatformSupportModulesInManaged (4ms)
				SetLoadedEditorAssemblies (0ms)
				RefreshPlugins (1ms)
				BeforeProcessingInitializeOnLoad (83ms)
				ProcessInitializeOnLoadAttributes (224ms)
				ProcessInitializeOnLoadMethodAttributes (11ms)
				AfterProcessingInitializeOnLoad (7ms)
				EditorAssembliesLoaded (0ms)
			ExecutionOrderSort2 (0ms)
			AwakeInstancesAfterBackupRestoration (4ms)
Platform modules already initialized, skipping
Refreshing native plugins compatible for Editor in 0.68 ms, found 2 plugins.
Preloading 0 native plugins for Editor in 0.00 ms.
Unloading 3198 Unused Serialized files (Serialized files now loaded: 0)
System memory in use before: 142.6 MB.
System memory in use after: 142.8 MB.

Unloading 13 unused Assets to reduce memory usage. Loaded Objects now: 3780.
Total: 3.025100 ms (FindLiveObjects: 0.222900 ms CreateObjectMapping: 0.151600 ms MarkObjects: 2.629600 ms  DeleteObjects: 0.020100 ms)

AssetImportParameters requested are different than current active one (requested -> active):
  custom:framework-win-MediaFoundation: 216162199b28c13a410421893ffa2e32 -> 
  custom:video-decoder-ogg-theora: a1e56fd34408186e4bbccfd4996cb3dc -> 
  custom:container-muxer-webm: aa71ff27fc2769a1b78a27578f13a17b -> 
  custom:container-demuxer-webm: 4f35f7cbe854078d1ac9338744f61a02 -> 
  custom:container-demuxer-ogg: 62fdf1f143b41e24485cea50d1cbac27 -> 
  custom:video-encoder-webm-vp8: eb34c28f22e8b96e1ab97ce403110664 -> 
  custom:video-decoder-webm-vp8: 9c59270c3fd7afecdb556c50c9e8de78 -> 
  custom:audio-decoder-ogg-vorbis: bf7c407c2cedff20999df2af8eb42d56 -> 
  custom:audio-encoder-webm-vorbis: bf7c407c2cedff20999df2af8eb42d56 -> 
========================================================================
Received Import Request.
  Time since last request: 1714.420515 seconds.
  path: Assets/Textures/TempBilder/10-102726_download-explosion-png.png
  artifactKey: Guid(ece12cb5e5d42264ea02cb21357234af) Importer(815301076,1909f56bfc062723c751e8b465ee728b)
Start importing Assets/Textures/TempBilder/10-102726_download-explosion-png.png using Guid(ece12cb5e5d42264ea02cb21357234af) Importer(815301076,1909f56bfc062723c751e8b465ee728b)  -> (artifact id: '3738bba7c6770ea19adbfc5c3c70eac0') in 0.357158 seconds 
========================================================================
Received Import Request.
  Time since last request: 0.000192 seconds.
  path: Assets/Sprites/UI/BuildModeUiV2.png
  artifactKey: Guid(6206581dc9df9b445a3442dc439b833f) Importer(815301076,1909f56bfc062723c751e8b465ee728b)
Start importing Assets/Sprites/UI/BuildModeUiV2.png using Guid(6206581dc9df9b445a3442dc439b833f) Importer(815301076,1909f56bfc062723c751e8b465ee728b)  -> (artifact id: '31b5557a9031f938935e3aeacc512b4d') in 0.038731 seconds 
========================================================================
Received Import Request.
  Time since last request: 0.000185 seconds.
  path: Assets/Sprites/Crosshairs/PNG/White/crosshair002.png
  artifactKey: Guid(40109c8049449b24db29c0abef46696d) Importer(815301076,1909f56bfc062723c751e8b465ee728b)
Start importing Assets/Sprites/Crosshairs/PNG/White/crosshair002.png using Guid(40109c8049449b24db29c0abef46696d) Importer(815301076,1909f56bfc062723c751e8b465ee728b)  -> (artifact id: '1af97741a671825cd32a7b0aacc29d1f') in 0.066502 seconds 
========================================================================
Received Import Request.
  Time since last request: 0.000180 seconds.
  path: Assets/Textures/TempBilder/CannonV1.png
  artifactKey: Guid(70a9c89e0d657124dada36cc55b5ea24) Importer(815301076,1909f56bfc062723c751e8b465ee728b)
Start importing Assets/Textures/TempBilder/CannonV1.png using Guid(70a9c89e0d657124dada36cc55b5ea24) Importer(815301076,1909f56bfc062723c751e8b465ee728b)  -> (artifact id: 'd37a45f52181891d7a9c3ca12eb5335f') in 0.029377 seconds 
========================================================================
Received Import Request.
  Time since last request: 0.000218 seconds.
  path: Assets/Sprites/UI/BuildModeUI.png
  artifactKey: Guid(ab4b1e1528506654d864fb73450c1ab5) Importer(815301076,1909f56bfc062723c751e8b465ee728b)
Start importing Assets/Sprites/UI/BuildModeUI.png using Guid(ab4b1e1528506654d864fb73450c1ab5) Importer(815301076,1909f56bfc062723c751e8b465ee728b)  -> (artifact id: '7ab6cc0386b184710fa5c850424f85b9') in 0.226252 seconds 
========================================================================
Received Import Request.
  Time since last request: 0.000254 seconds.
  path: Assets/Samples/Input System/1.3.0/Gamepad Mouse Cursor/crosshair.png
  artifactKey: Guid(c08500e75c1581d4daacd1a363ff46f6) Importer(815301076,1909f56bfc062723c751e8b465ee728b)
Start importing Assets/Samples/Input System/1.3.0/Gamepad Mouse Cursor/crosshair.png using Guid(c08500e75c1581d4daacd1a363ff46f6) Importer(815301076,1909f56bfc062723c751e8b465ee728b)  -> (artifact id: '83f371b19c13bc512f7c12fd8dcaae85') in 0.078025 seconds 
========================================================================
Received Import Request.
  Time since last request: 0.000260 seconds.
  path: Assets/Sprites/Crosshairs/PNG/White/crosshair006.png
  artifactKey: Guid(04e8c18a0d254ef4092151e6a0f12c52) Importer(815301076,1909f56bfc062723c751e8b465ee728b)
Start importing Assets/Sprites/Crosshairs/PNG/White/crosshair006.png using Guid(04e8c18a0d254ef4092151e6a0f12c52) Importer(815301076,1909f56bfc062723c751e8b465ee728b)  -> (artifact id: 'd6d972aea4af055e8f6facfc0a90178a') in 0.047632 seconds 
========================================================================
Received Import Request.
  Time since last request: 0.000236 seconds.
  path: Assets/Sprites/Crosshairs/PNG/White/crosshair001.png
  artifactKey: Guid(468359fac252afe409f5e808974cbdab) Importer(815301076,1909f56bfc062723c751e8b465ee728b)
Start importing Assets/Sprites/Crosshairs/PNG/White/crosshair001.png using Guid(468359fac252afe409f5e808974cbdab) Importer(815301076,1909f56bfc062723c751e8b465ee728b)  -> (artifact id: 'fb0d840effc81de82a78cd6a4fa605b5') in 0.064236 seconds 
========================================================================
Received Import Request.
  Time since last request: 0.000251 seconds.
  path: Assets/Sprites/Crosshairs/PNG/White/crosshair004.png
  artifactKey: Guid(2ee56f02beb946c41aefc8748d436dcb) Importer(815301076,1909f56bfc062723c751e8b465ee728b)
Start importing Assets/Sprites/Crosshairs/PNG/White/crosshair004.png using Guid(2ee56f02beb946c41aefc8748d436dcb) Importer(815301076,1909f56bfc062723c751e8b465ee728b)  -> (artifact id: '9862686730d482ff2a709e3544f49bc0') in 0.037522 seconds 
========================================================================
Received Import Request.
  Time since last request: 0.000192 seconds.
  path: Assets/Sprites/UI/CannonIconV4.png
  artifactKey: Guid(c87c712dc6b17144baef59264cdcb545) Importer(815301076,1909f56bfc062723c751e8b465ee728b)
Start importing Assets/Sprites/UI/CannonIconV4.png using Guid(c87c712dc6b17144baef59264cdcb545) Importer(815301076,1909f56bfc062723c751e8b465ee728b)  -> (artifact id: 'f10eea8743e9527097762fbe33c148b9') in 0.042313 seconds 
========================================================================
Received Import Request.
  Time since last request: 0.000214 seconds.
  path: Assets/Sprites/Crosshairs/PNG/White/crosshair005.png
  artifactKey: Guid(ce9563b8ff334ec488f8030e932a1dc4) Importer(815301076,1909f56bfc062723c751e8b465ee728b)
Start importing Assets/Sprites/Crosshairs/PNG/White/crosshair005.png using Guid(ce9563b8ff334ec488f8030e932a1dc4) Importer(815301076,1909f56bfc062723c751e8b465ee728b)  -> (artifact id: 'e8441a0bddbdaf277559c686e5c5625a') in 0.086595 seconds 
========================================================================
Received Import Request.
  Time since last request: 0.000175 seconds.
  path: Assets/Sprites/Crosshairs/PNG/White/crosshair003.png
  artifactKey: Guid(aadd6491366873641b889a0854812fba) Importer(815301076,1909f56bfc062723c751e8b465ee728b)
Start importing Assets/Sprites/Crosshairs/PNG/White/crosshair003.png using Guid(aadd6491366873641b889a0854812fba) Importer(815301076,1909f56bfc062723c751e8b465ee728b)  -> (artifact id: '683323c9fca45604658e5952d32facba') in 0.117286 seconds 
========================================================================
Received Import Request.
  Time since last request: 2.269304 seconds.
  path: Assets/Sprites/UI/HealthBar/HealthBar_BackgroundBlue.png
  artifactKey: Guid(c72cbb4ca2cd7434597fb4c57be907b2) Importer(815301076,1909f56bfc062723c751e8b465ee728b)
Start importing Assets/Sprites/UI/HealthBar/HealthBar_BackgroundBlue.png using Guid(c72cbb4ca2cd7434597fb4c57be907b2) Importer(815301076,1909f56bfc062723c751e8b465ee728b)  -> (artifact id: '2c3ce9ed9560e3af21b46fda58db90a8') in 0.201576 seconds 
========================================================================
Received Import Request.
  Time since last request: 0.000272 seconds.
  path: Assets/Sprites/UI/HealthBar/HealthBar_BackgroundRedV2.png
  artifactKey: Guid(cc418e12855202f43aefcef6ed2b5d79) Importer(815301076,1909f56bfc062723c751e8b465ee728b)
Start importing Assets/Sprites/UI/HealthBar/HealthBar_BackgroundRedV2.png using Guid(cc418e12855202f43aefcef6ed2b5d79) Importer(815301076,1909f56bfc062723c751e8b465ee728b)  -> (artifact id: 'a0e5afaaf61fc9ff3765d49b55e5c7a7') in 0.062465 seconds 
========================================================================
Received Import Request.
  Time since last request: 0.000234 seconds.
  path: Assets/Sprites/UI/HealthBar/HealthBar_BackgroundV1.png
  artifactKey: Guid(02758da4aab011d48aced6332a915b71) Importer(815301076,1909f56bfc062723c751e8b465ee728b)
Start importing Assets/Sprites/UI/HealthBar/HealthBar_BackgroundV1.png using Guid(02758da4aab011d48aced6332a915b71) Importer(815301076,1909f56bfc062723c751e8b465ee728b)  -> (artifact id: 'd4bce6d1c05aac8a3e195f9d95f33784') in 0.052712 seconds 
========================================================================
Received Import Request.
  Time since last request: 0.000191 seconds.
  path: Assets/Sprites/UI/HealthBar/HealthBar_BackgroundRed.png
  artifactKey: Guid(92a91f3fbd0f4be4aba1acc3885ac1b4) Importer(815301076,1909f56bfc062723c751e8b465ee728b)
Start importing Assets/Sprites/UI/HealthBar/HealthBar_BackgroundRed.png using Guid(92a91f3fbd0f4be4aba1acc3885ac1b4) Importer(815301076,1909f56bfc062723c751e8b465ee728b)  -> (artifact id: 'ad7c1d7892cdcdec658b4cbd5ebe5d10') in 0.036909 seconds 
========================================================================
Received Import Request.
  Time since last request: 0.000183 seconds.
  path: Assets/Sprites/UI/HealthBar/HealthBar_BackgroundWhiteV1.png
  artifactKey: Guid(9c554622079c30240b8ba458f8ce7757) Importer(815301076,1909f56bfc062723c751e8b465ee728b)
Start importing Assets/Sprites/UI/HealthBar/HealthBar_BackgroundWhiteV1.png using Guid(9c554622079c30240b8ba458f8ce7757) Importer(815301076,1909f56bfc062723c751e8b465ee728b)  -> (artifact id: '4ca0e09ed6ef8916400ad62ff9c44f1d') in 0.061120 seconds 
========================================================================
Received Import Request.
  Time since last request: 0.000161 seconds.
  path: Assets/Sprites/UI/HealthBar/HealthBar_BackgroundBlueV2.png
  artifactKey: Guid(54304664fe0e88b46bd1bc710d6e6c12) Importer(815301076,1909f56bfc062723c751e8b465ee728b)
Start importing Assets/Sprites/UI/HealthBar/HealthBar_BackgroundBlueV2.png using Guid(54304664fe0e88b46bd1bc710d6e6c12) Importer(815301076,1909f56bfc062723c751e8b465ee728b)  -> (artifact id: '278fa94b276950c1c33c4a1eaf1c9916') in 0.054684 seconds 
========================================================================
Received Prepare
Registering precompiled user dll's ...
Registered in 0.003732 seconds.
Begin MonoManager ReloadAssembly
Native extension for WindowsStandalone target not found
Native extension for WebGL target not found
Refreshing native plugins compatible for Editor in 0.67 ms, found 2 plugins.
Preloading 0 native plugins for Editor in 0.00 ms.
Mono: successfully reloaded assembly
- Completed reload, in  1.111 seconds
Domain Reload Profiling:
	ReloadAssembly (1111ms)
		BeginReloadAssembly (153ms)
			ExecutionOrderSort (0ms)
			DisableScriptedObjects (5ms)
			BackupInstance (0ms)
			ReleaseScriptingObjects (0ms)
			CreateAndSetChildDomain (63ms)
		EndReloadAssembly (900ms)
			LoadAssemblies (101ms)
			RebuildTransferFunctionScriptingTraits (0ms)
			SetupTypeCache (337ms)
			ReleaseScriptCaches (1ms)
			RebuildScriptCaches (40ms)
			SetupLoadedEditorAssemblies (329ms)
				LogAssemblyErrors (0ms)
				InitializePlatformSupportModulesInManaged (4ms)
				SetLoadedEditorAssemblies (1ms)
				RefreshPlugins (1ms)
				BeforeProcessingInitializeOnLoad (83ms)
				ProcessInitializeOnLoadAttributes (222ms)
				ProcessInitializeOnLoadMethodAttributes (11ms)
				AfterProcessingInitializeOnLoad (7ms)
				EditorAssembliesLoaded (0ms)
			ExecutionOrderSort2 (0ms)
			AwakeInstancesAfterBackupRestoration (4ms)
Platform modules already initialized, skipping
Refreshing native plugins compatible for Editor in 0.68 ms, found 2 plugins.
Preloading 0 native plugins for Editor in 0.00 ms.
Unloading 3198 Unused Serialized files (Serialized files now loaded: 0)
System memory in use before: 145.6 MB.
System memory in use after: 145.8 MB.

Unloading 13 unused Assets to reduce memory usage. Loaded Objects now: 3801.
Total: 3.492100 ms (FindLiveObjects: 0.232400 ms CreateObjectMapping: 0.168000 ms MarkObjects: 3.019000 ms  DeleteObjects: 0.072000 ms)

AssetImportParameters requested are different than current active one (requested -> active):
  custom:framework-win-MediaFoundation: 216162199b28c13a410421893ffa2e32 -> 
  custom:video-decoder-ogg-theora: a1e56fd34408186e4bbccfd4996cb3dc -> 
  custom:container-muxer-webm: aa71ff27fc2769a1b78a27578f13a17b -> 
  custom:container-demuxer-webm: 4f35f7cbe854078d1ac9338744f61a02 -> 
  custom:container-demuxer-ogg: 62fdf1f143b41e24485cea50d1cbac27 -> 
  custom:video-encoder-webm-vp8: eb34c28f22e8b96e1ab97ce403110664 -> 
  custom:video-decoder-webm-vp8: 9c59270c3fd7afecdb556c50c9e8de78 -> 
  custom:audio-decoder-ogg-vorbis: bf7c407c2cedff20999df2af8eb42d56 -> 
  custom:audio-encoder-webm-vorbis: bf7c407c2cedff20999df2af8eb42d56 -> 
========================================================================
Received Import Request.
  Time since last request: 5089.175723 seconds.
  path: Assets/Sprites/Crosshairs/PNG/White/crosshair198.png
  artifactKey: Guid(2838ab8be6d743140b27521ed6d5f96a) Importer(815301076,1909f56bfc062723c751e8b465ee728b)
Start importing Assets/Sprites/Crosshairs/PNG/White/crosshair198.png using Guid(2838ab8be6d743140b27521ed6d5f96a) Importer(815301076,1909f56bfc062723c751e8b465ee728b)  -> (artifact id: 'd874678c57c32adf9076c95b873d7807') in 0.668741 seconds 
========================================================================
Received Import Request.
  Time since last request: 0.000200 seconds.
  path: Assets/Sprites/UI/HealthBar/HealthBar_ForegroundV2.png
  artifactKey: Guid(f0419a8599b3c4b4f8260b9b1601296d) Importer(815301076,1909f56bfc062723c751e8b465ee728b)
Start importing Assets/Sprites/UI/HealthBar/HealthBar_ForegroundV2.png using Guid(f0419a8599b3c4b4f8260b9b1601296d) Importer(815301076,1909f56bfc062723c751e8b465ee728b)  -> (artifact id: '396e0844a7cb537b2d35571c93c4db4e') in 0.077755 seconds 
========================================================================
Received Import Request.
  Time since last request: 0.000183 seconds.
  path: Assets/Sprites/Crosshairs/PNG/White/crosshair199.png
  artifactKey: Guid(f20f264d12d2c6d409749ef061cced63) Importer(815301076,1909f56bfc062723c751e8b465ee728b)
Start importing Assets/Sprites/Crosshairs/PNG/White/crosshair199.png using Guid(f20f264d12d2c6d409749ef061cced63) Importer(815301076,1909f56bfc062723c751e8b465ee728b)  -> (artifact id: '50173c0848f7074d41871a0cc0d30dac') in 0.045211 seconds 
========================================================================
Received Import Request.
  Time since last request: 0.000199 seconds.
  path: Assets/Textures/TempBilder/metal-36867_960_720.png
  artifactKey: Guid(888d349bcab17b14f84a631a95dee888) Importer(815301076,1909f56bfc062723c751e8b465ee728b)
Start importing Assets/Textures/TempBilder/metal-36867_960_720.png using Guid(888d349bcab17b14f84a631a95dee888) Importer(815301076,1909f56bfc062723c751e8b465ee728b)  -> (artifact id: '57499f38cb2f4ebeb9a56e1af6774d0e') in 0.168883 seconds 
========================================================================
Received Import Request.
  Time since last request: 0.000262 seconds.
  path: Assets/Sprites/Crosshairs/PNG/White/crosshair200.png
  artifactKey: Guid(75b2d9de0936c0247bf416c43ebb33d8) Importer(815301076,1909f56bfc062723c751e8b465ee728b)
Start importing Assets/Sprites/Crosshairs/PNG/White/crosshair200.png using Guid(75b2d9de0936c0247bf416c43ebb33d8) Importer(815301076,1909f56bfc062723c751e8b465ee728b)  -> (artifact id: '863325a3595a81976e105064e4390616') in 0.058441 seconds 
========================================================================
Received Import Request.
  Time since last request: 0.000185 seconds.
  path: Assets/Sprites/UI/HealthBar/HealthBar-ForegroundV1.png
  artifactKey: Guid(d354e7cfae0df7a419cc2dc8e8587516) Importer(815301076,1909f56bfc062723c751e8b465ee728b)
Start importing Assets/Sprites/UI/HealthBar/HealthBar-ForegroundV1.png using Guid(d354e7cfae0df7a419cc2dc8e8587516) Importer(815301076,1909f56bfc062723c751e8b465ee728b)  -> (artifact id: 'db9151e8334029c47635a5e31280d4c9') in 0.024055 seconds 
========================================================================
Received Import Request.
  Time since last request: 0.000319 seconds.
  path: Assets/Textures/TempBilder/Gold_Coins_PNG_Clipart-664.png
  artifactKey: Guid(0f11170f61378b647ba0c37c23f59780) Importer(815301076,1909f56bfc062723c751e8b465ee728b)
Start importing Assets/Textures/TempBilder/Gold_Coins_PNG_Clipart-664.png using Guid(0f11170f61378b647ba0c37c23f59780) Importer(815301076,1909f56bfc062723c751e8b465ee728b)  -> (artifact id: '87cd06df94942214a6712e07822bbf77') in 0.152929 seconds 
========================================================================
Received Import Request.
  Time since last request: 1310.843103 seconds.
  path: Assets/Sprites/UI/SlowDownIconV2.png
  artifactKey: Guid(bbf327bc5d63f5145b8049395a965b56) Importer(815301076,1909f56bfc062723c751e8b465ee728b)
Start importing Assets/Sprites/UI/SlowDownIconV2.png using Guid(bbf327bc5d63f5145b8049395a965b56) Importer(815301076,1909f56bfc062723c751e8b465ee728b)  -> (artifact id: 'b2b61d962b2dbd297d387356785edec9') in 0.728724 seconds 
========================================================================
Received Import Request.
  Time since last request: 0.000262 seconds.
  path: Assets/Textures/TempBilder/turret-missile-turret-missile-turret-toy-robot-transparent-png-1022552.png
  artifactKey: Guid(43e01a5fb3e52594fa81bcffcff5c747) Importer(815301076,1909f56bfc062723c751e8b465ee728b)
Start importing Assets/Textures/TempBilder/turret-missile-turret-missile-turret-toy-robot-transparent-png-1022552.png using Guid(43e01a5fb3e52594fa81bcffcff5c747) Importer(815301076,1909f56bfc062723c751e8b465ee728b)  -> (artifact id: 'e0dd4239f1345153a210ca6f9c71e09d') in 0.179511 seconds 
========================================================================
Received Import Request.
  Time since last request: 1070.367874 seconds.
  path: Assets/Prefabs/Towers/CannonTower.prefab
  artifactKey: Guid(68579fcbab6a99e48b46d993172d7375) Importer(815301076,1909f56bfc062723c751e8b465ee728b)
Start importing Assets/Prefabs/Towers/CannonTower.prefab using Guid(68579fcbab6a99e48b46d993172d7375) Importer(815301076,1909f56bfc062723c751e8b465ee728b)  -> (artifact id: '2c6d15beb362c2ab80948a3e40e3815a') in 2.858744 seconds 
========================================================================
Received Import Request.
  Time since last request: 0.000185 seconds.
  path: Assets/Prefabs/Towers/MissileTower.prefab
  artifactKey: Guid(8db8e4de29b5cfd40a36f898ebbf9484) Importer(815301076,1909f56bfc062723c751e8b465ee728b)
Start importing Assets/Prefabs/Towers/MissileTower.prefab using Guid(8db8e4de29b5cfd40a36f898ebbf9484) Importer(815301076,1909f56bfc062723c751e8b465ee728b)  -> (artifact id: 'd2ba8b6932ba6fdd2dc34448454fc60b') in 0.540418 seconds 
========================================================================
Received Import Request.
  Time since last request: 0.000230 seconds.
  path: Assets/Prefabs/Towers/SlowTower.prefab
  artifactKey: Guid(4f36542fa09612e4c83491bc006bb2dc) Importer(815301076,1909f56bfc062723c751e8b465ee728b)
Start importing Assets/Prefabs/Towers/SlowTower.prefab using Guid(4f36542fa09612e4c83491bc006bb2dc) Importer(815301076,1909f56bfc062723c751e8b465ee728b)  -> (artifact id: '09792cc62d7d936f3aada04a3cfc4f9b') in 0.407491 seconds 
========================================================================
Received Import Request.
  Time since last request: 0.000194 seconds.
  path: Assets/Prefabs/Towers/PoisonTower.prefab
  artifactKey: Guid(abc73b631ed83e14a9e7579ad5e01754) Importer(815301076,1909f56bfc062723c751e8b465ee728b)
Start importing Assets/Prefabs/Towers/PoisonTower.prefab using Guid(abc73b631ed83e14a9e7579ad5e01754) Importer(815301076,1909f56bfc062723c751e8b465ee728b)  -> (artifact id: '1c2d8f62ead3351759204ec8c10d829b') in 0.024270 seconds 
========================================================================
Received Import Request.
  Time since last request: 0.000195 seconds.
  path: Assets/Prefabs/Towers/TowerMenu.prefab
  artifactKey: Guid(2cd9d113226a3334a9b65560090ca2b3) Importer(815301076,1909f56bfc062723c751e8b465ee728b)
Start importing Assets/Prefabs/Towers/TowerMenu.prefab using Guid(2cd9d113226a3334a9b65560090ca2b3) Importer(815301076,1909f56bfc062723c751e8b465ee728b)  -> (artifact id: 'ba890876721a3681b432fa58f535d200') in 0.060615 seconds 
========================================================================
Received Import Request.
  Time since last request: 0.000194 seconds.
  path: Assets/Prefabs/Towers/Shot.prefab
  artifactKey: Guid(7e4902a1dd3b3484280a32e92534c4c7) Importer(815301076,1909f56bfc062723c751e8b465ee728b)
Start importing Assets/Prefabs/Towers/Shot.prefab using Guid(7e4902a1dd3b3484280a32e92534c4c7) Importer(815301076,1909f56bfc062723c751e8b465ee728b)  -> (artifact id: '61c63b55731142a3f08256f48613be9b') in 0.368630 seconds 
========================================================================
Received Import Request.
  Time since last request: 19.066869 seconds.
  path: Assets/Scripts/Towers/CannonTower.cs
  artifactKey: Guid(be6f1b9e84993ae41a1c787c62870dc7) Importer(815301076,1909f56bfc062723c751e8b465ee728b)
Start importing Assets/Scripts/Towers/CannonTower.cs using Guid(be6f1b9e84993ae41a1c787c62870dc7) Importer(815301076,1909f56bfc062723c751e8b465ee728b)  -> (artifact id: '784e99ec8a405e3b4d5e407d6f8796be') in 0.111822 seconds 
========================================================================
Received Prepare
Registering precompiled user dll's ...
Registered in 0.004112 seconds.
Begin MonoManager ReloadAssembly
Native extension for WindowsStandalone target not found
Native extension for WebGL target not found
Refreshing native plugins compatible for Editor in 0.92 ms, found 2 plugins.
Preloading 0 native plugins for Editor in 0.00 ms.
Mono: successfully reloaded assembly
- Completed reload, in  2.043 seconds
Domain Reload Profiling:
	ReloadAssembly (2043ms)
		BeginReloadAssembly (731ms)
			ExecutionOrderSort (0ms)
			DisableScriptedObjects (9ms)
			BackupInstance (0ms)
			ReleaseScriptingObjects (0ms)
			CreateAndSetChildDomain (102ms)
		EndReloadAssembly (1252ms)
			LoadAssemblies (853ms)
			RebuildTransferFunctionScriptingTraits (0ms)
			SetupTypeCache (340ms)
			ReleaseScriptCaches (1ms)
			RebuildScriptCaches (40ms)
			SetupLoadedEditorAssemblies (412ms)
				LogAssemblyErrors (0ms)
				InitializePlatformSupportModulesInManaged (5ms)
				SetLoadedEditorAssemblies (1ms)
				RefreshPlugins (1ms)
				BeforeProcessingInitializeOnLoad (96ms)
				ProcessInitializeOnLoadAttributes (291ms)
				ProcessInitializeOnLoadMethodAttributes (12ms)
				AfterProcessingInitializeOnLoad (7ms)
				EditorAssembliesLoaded (0ms)
			ExecutionOrderSort2 (0ms)
			AwakeInstancesAfterBackupRestoration (9ms)
Platform modules already initialized, skipping
Refreshing native plugins compatible for Editor in 0.78 ms, found 2 plugins.
Preloading 0 native plugins for Editor in 0.00 ms.
Unloading 3198 Unused Serialized files (Serialized files now loaded: 0)
System memory in use before: 148.3 MB.
System memory in use after: 148.5 MB.

Unloading 15 unused Assets to reduce memory usage. Loaded Objects now: 3857.
Total: 3.467300 ms (FindLiveObjects: 0.230700 ms CreateObjectMapping: 0.260000 ms MarkObjects: 2.928800 ms  DeleteObjects: 0.046800 ms)

AssetImportParameters requested are different than current active one (requested -> active):
  custom:framework-win-MediaFoundation: 216162199b28c13a410421893ffa2e32 -> 
  custom:video-decoder-ogg-theora: a1e56fd34408186e4bbccfd4996cb3dc -> 
  custom:container-muxer-webm: aa71ff27fc2769a1b78a27578f13a17b -> 
  custom:container-demuxer-webm: 4f35f7cbe854078d1ac9338744f61a02 -> 
  custom:container-demuxer-ogg: 62fdf1f143b41e24485cea50d1cbac27 -> 
  custom:video-encoder-webm-vp8: eb34c28f22e8b96e1ab97ce403110664 -> 
  custom:video-decoder-webm-vp8: 9c59270c3fd7afecdb556c50c9e8de78 -> 
  custom:audio-decoder-ogg-vorbis: bf7c407c2cedff20999df2af8eb42d56 -> 
  custom:audio-encoder-webm-vorbis: bf7c407c2cedff20999df2af8eb42d56 -> 
========================================================================
Received Import Request.
  Time since last request: 791.213963 seconds.
  path: Assets/Sprites/crosshair037.png
  artifactKey: Guid(235dc99f122f1db43907746320634c0d) Importer(815301076,1909f56bfc062723c751e8b465ee728b)
Start importing Assets/Sprites/crosshair037.png using Guid(235dc99f122f1db43907746320634c0d) Importer(815301076,1909f56bfc062723c751e8b465ee728b)  -> (artifact id: '4906e26af14ea098b74158566b51d929') in 0.194175 seconds 
========================================================================
Received Import Request.
  Time since last request: 0.000320 seconds.
  path: Assets/Sprites/crosshair038.png
  artifactKey: Guid(8f499c12b28e33641a910fd993ad9951) Importer(815301076,1909f56bfc062723c751e8b465ee728b)
Start importing Assets/Sprites/crosshair038.png using Guid(8f499c12b28e33641a910fd993ad9951) Importer(815301076,1909f56bfc062723c751e8b465ee728b)  -> (artifact id: '9539b91a8bc44f4bce7e3120311b9a30') in 0.041480 seconds 
========================================================================
Received Import Request.
  Time since last request: 3.523239 seconds.
  path: Assets/Textures/Explosion.tif
  artifactKey: Guid(75cf0f10add426840815522a19a2fe29) Importer(815301076,1909f56bfc062723c751e8b465ee728b)
Start importing Assets/Textures/Explosion.tif using Guid(75cf0f10add426840815522a19a2fe29) Importer(815301076,1909f56bfc062723c751e8b465ee728b)  -> (artifact id: 'a509d1217bb193a27c245ea4af887a19') in 0.870049 seconds 
========================================================================
Received Import Request.
  Time since last request: 12.043831 seconds.
  path: Assets/Textures/Towers
  artifactKey: Guid(fe868082efa930343bb1c2b499d967a5) Importer(815301076,1909f56bfc062723c751e8b465ee728b)
Start importing Assets/Textures/Towers using Guid(fe868082efa930343bb1c2b499d967a5) Importer(815301076,1909f56bfc062723c751e8b465ee728b)  -> (artifact id: 'b244b55a800d55961977df83725f7c95') in 0.008842 seconds 
========================================================================
Received Import Request.
  Time since last request: 4.442744 seconds.
  path: Assets/Textures/Testing Textures/prototype_512x512_blue1.png
  artifactKey: Guid(44cced520ecfd9f4292979a4fe8268c4) Importer(815301076,1909f56bfc062723c751e8b465ee728b)
Start importing Assets/Textures/Testing Textures/prototype_512x512_blue1.png using Guid(44cced520ecfd9f4292979a4fe8268c4) Importer(815301076,1909f56bfc062723c751e8b465ee728b)  -> (artifact id: '5676b383dddcdbf71be7e217f3b637ea') in 0.067790 seconds 
========================================================================
Received Import Request.
  Time since last request: 0.000236 seconds.
  path: Assets/Textures/Testing Textures/prototype_512x512_blue3.png
  artifactKey: Guid(b6fc60785b6a795478135ce6f7712c5a) Importer(815301076,1909f56bfc062723c751e8b465ee728b)
Start importing Assets/Textures/Testing Textures/prototype_512x512_blue3.png using Guid(b6fc60785b6a795478135ce6f7712c5a) Importer(815301076,1909f56bfc062723c751e8b465ee728b)  -> (artifact id: '84b65a5f221d3eae876fefd135b89494') in 0.041331 seconds 
========================================================================
Received Import Request.
  Time since last request: 0.000252 seconds.
  path: Assets/Textures/Testing Textures/prototype_512x512_magenta.png
  artifactKey: Guid(81c078e07a3828a42885510e3d5369a9) Importer(815301076,1909f56bfc062723c751e8b465ee728b)
Start importing Assets/Textures/Testing Textures/prototype_512x512_magenta.png using Guid(81c078e07a3828a42885510e3d5369a9) Importer(815301076,1909f56bfc062723c751e8b465ee728b)  -> (artifact id: '4aa4ec4c8abfe5fdc017b11f608ab52f') in 0.047782 seconds 
========================================================================
Received Import Request.
  Time since last request: 0.000250 seconds.
  path: Assets/Textures/Testing Textures/prototype_512x512_white.png
  artifactKey: Guid(9397418d1d7b12543bf27fb61b93bbea) Importer(815301076,1909f56bfc062723c751e8b465ee728b)
Start importing Assets/Textures/Testing Textures/prototype_512x512_white.png using Guid(9397418d1d7b12543bf27fb61b93bbea) Importer(815301076,1909f56bfc062723c751e8b465ee728b)  -> (artifact id: '993c46ecfc48f7c572470ac346fd323d') in 0.090756 seconds 
========================================================================
Received Import Request.
  Time since last request: 0.000257 seconds.
  path: Assets/Textures/Testing Textures/prototype_512x512_yellow.png
  artifactKey: Guid(ee12d2bc9f5c8554d97d5beb9dc4b275) Importer(815301076,1909f56bfc062723c751e8b465ee728b)
Start importing Assets/Textures/Testing Textures/prototype_512x512_yellow.png using Guid(ee12d2bc9f5c8554d97d5beb9dc4b275) Importer(815301076,1909f56bfc062723c751e8b465ee728b)  -> (artifact id: '63b87b702a52a22c8b88194b48367f70') in 0.044280 seconds 
========================================================================
Received Import Request.
  Time since last request: 0.000275 seconds.
  path: Assets/Textures/Testing Textures/prototype_512x512_grey1.png
  artifactKey: Guid(dd29f35641da38647a1eeb1028211f1a) Importer(815301076,1909f56bfc062723c751e8b465ee728b)
Start importing Assets/Textures/Testing Textures/prototype_512x512_grey1.png using Guid(dd29f35641da38647a1eeb1028211f1a) Importer(815301076,1909f56bfc062723c751e8b465ee728b)  -> (artifact id: '6b4835c614a59a104c7f481ef3c46bd6') in 0.351059 seconds 
========================================================================
Received Import Request.
  Time since last request: 0.000267 seconds.
  path: Assets/Textures/Testing Textures/prototype_512x512_pink.png
  artifactKey: Guid(054e32e11095e1d4896131bb4eed8cc1) Importer(815301076,1909f56bfc062723c751e8b465ee728b)
Start importing Assets/Textures/Testing Textures/prototype_512x512_pink.png using Guid(054e32e11095e1d4896131bb4eed8cc1) Importer(815301076,1909f56bfc062723c751e8b465ee728b)  -> (artifact id: '854647196be9348b2333eb527bcf40b7') in 0.039740 seconds 
========================================================================
Received Import Request.
  Time since last request: 0.000226 seconds.
  path: Assets/Textures/Testing Textures/prototype_512x512_brown.png
  artifactKey: Guid(3c227d230cca14c42822692b6aff3459) Importer(815301076,1909f56bfc062723c751e8b465ee728b)
Start importing Assets/Textures/Testing Textures/prototype_512x512_brown.png using Guid(3c227d230cca14c42822692b6aff3459) Importer(815301076,1909f56bfc062723c751e8b465ee728b)  -> (artifact id: '23ac81ea5e43716b943055e526ac43a7') in 0.046193 seconds 
========================================================================
Received Import Request.
  Time since last request: 0.000228 seconds.
  path: Assets/Textures/Testing Textures/prototype_512x512_green2.png
  artifactKey: Guid(382df89af99b9f2459dd19206e68a63d) Importer(815301076,1909f56bfc062723c751e8b465ee728b)
Start importing Assets/Textures/Testing Textures/prototype_512x512_green2.png using Guid(382df89af99b9f2459dd19206e68a63d) Importer(815301076,1909f56bfc062723c751e8b465ee728b)  -> (artifact id: '851698269a83391df072d6807472ce2f') in 0.052102 seconds 
========================================================================
Received Import Request.
  Time since last request: 0.000222 seconds.
  path: Assets/Textures/Testing Textures/prototype_512x512_green1.png
  artifactKey: Guid(4967dfcee94bddd4ba1430cb6fa1f304) Importer(815301076,1909f56bfc062723c751e8b465ee728b)
Start importing Assets/Textures/Testing Textures/prototype_512x512_green1.png using Guid(4967dfcee94bddd4ba1430cb6fa1f304) Importer(815301076,1909f56bfc062723c751e8b465ee728b)  -> (artifact id: '3a669fbbb673c9bb5740bb6ccd142b97') in 0.055851 seconds 
========================================================================
Received Import Request.
  Time since last request: 0.000196 seconds.
  path: Assets/Textures/Testing Textures/prototype_512x512_cyan.png
  artifactKey: Guid(6c35396cb8128474a8a73c6b19f2fe1f) Importer(815301076,1909f56bfc062723c751e8b465ee728b)
Start importing Assets/Textures/Testing Textures/prototype_512x512_cyan.png using Guid(6c35396cb8128474a8a73c6b19f2fe1f) Importer(815301076,1909f56bfc062723c751e8b465ee728b)  -> (artifact id: '94e49fbbb0f80e499345bae3c6ea3160') in 0.088974 seconds 
========================================================================
Received Import Request.
  Time since last request: 0.000191 seconds.
  path: Assets/Textures/TempBilder/Heart-image.png
  artifactKey: Guid(910614a903c1ac040887dbc80797fc98) Importer(815301076,1909f56bfc062723c751e8b465ee728b)
Start importing Assets/Textures/TempBilder/Heart-image.png using Guid(910614a903c1ac040887dbc80797fc98) Importer(815301076,1909f56bfc062723c751e8b465ee728b)  -> (artifact id: '245fac48ab0610f53e80f7491a844c15') in 0.109642 seconds 
========================================================================
Received Import Request.
  Time since last request: 0.000253 seconds.
  path: Assets/Textures/TempBilder/down-arrow-black-arrow-down-11562910488ntpji5lifi.png
  artifactKey: Guid(4b801fc6e5a73334a92b7e10e6ecb82d) Importer(815301076,1909f56bfc062723c751e8b465ee728b)
Start importing Assets/Textures/TempBilder/down-arrow-black-arrow-down-11562910488ntpji5lifi.png using Guid(4b801fc6e5a73334a92b7e10e6ecb82d) Importer(815301076,1909f56bfc062723c751e8b465ee728b)  -> (artifact id: 'ac7710b7649624e14be3d53e858b2794') in 0.059665 seconds 
========================================================================
Received Import Request.
  Time since last request: 0.000277 seconds.
  path: Assets/Textures/TempBilder/png-transparent-pipe-industry-ferrous-metallurgy-manufacturing-sheet-metal-metal-tube-angle-company-steel.png
  artifactKey: Guid(72d6708017df92b4dac216f9148369de) Importer(815301076,1909f56bfc062723c751e8b465ee728b)
Start importing Assets/Textures/TempBilder/png-transparent-pipe-industry-ferrous-metallurgy-manufacturing-sheet-metal-metal-tube-angle-company-steel.png using Guid(72d6708017df92b4dac216f9148369de) Importer(815301076,1909f56bfc062723c751e8b465ee728b)  -> (artifact id: '22ff78048217bcaca32a3602961a3cf1') in 0.054650 seconds 
========================================================================
Received Import Request.
  Time since last request: 0.000248 seconds.
  path: Assets/Textures/TempBilder/111-1115962_silver-bar-cliparts-icon-metal-bar-png-download.png
  artifactKey: Guid(224f6d9bc98e1ce4ca0e74e203abbd4c) Importer(815301076,1909f56bfc062723c751e8b465ee728b)
Start importing Assets/Textures/TempBilder/111-1115962_silver-bar-cliparts-icon-metal-bar-png-download.png using Guid(224f6d9bc98e1ce4ca0e74e203abbd4c) Importer(815301076,1909f56bfc062723c751e8b465ee728b)  -> (artifact id: '2cac231137c56721373b5d4db8e6b323') in 0.105558 seconds 
========================================================================
Received Import Request.
  Time since last request: 0.000259 seconds.
  path: Assets/Textures/Testing Textures/prototype_512x512_green3.png
  artifactKey: Guid(988b6610bda0aca4286aff060b8d16b8) Importer(815301076,1909f56bfc062723c751e8b465ee728b)
Start importing Assets/Textures/Testing Textures/prototype_512x512_green3.png using Guid(988b6610bda0aca4286aff060b8d16b8) Importer(815301076,1909f56bfc062723c751e8b465ee728b)  -> (artifact id: '9f1bc1d832b975b771938d2cdaed480d') in 0.070293 seconds 
========================================================================
Received Import Request.
  Time since last request: 0.000178 seconds.
  path: Assets/Textures/Testing Textures/prototype_512x512_purple.png
  artifactKey: Guid(aa0c741df9dd8634c8d84fd9ba2b0e3d) Importer(815301076,1909f56bfc062723c751e8b465ee728b)
Start importing Assets/Textures/Testing Textures/prototype_512x512_purple.png using Guid(aa0c741df9dd8634c8d84fd9ba2b0e3d) Importer(815301076,1909f56bfc062723c751e8b465ee728b)  -> (artifact id: '70b0a055dc3636e88db693d185f895e7') in 0.034523 seconds 
========================================================================
Received Import Request.
  Time since last request: 0.000173 seconds.
  path: Assets/Textures/Testing Textures/prototype_512x512_blue2.png
  artifactKey: Guid(17198718c5735204999fb13dc36e290f) Importer(815301076,1909f56bfc062723c751e8b465ee728b)
Start importing Assets/Textures/Testing Textures/prototype_512x512_blue2.png using Guid(17198718c5735204999fb13dc36e290f) Importer(815301076,1909f56bfc062723c751e8b465ee728b)  -> (artifact id: '09ae06895cd6f3ed0f63c1b97a78e16b') in 0.076494 seconds 
========================================================================
Received Import Request.
  Time since last request: 0.000213 seconds.
  path: Assets/Textures/Testing Textures/prototype_512x512_orange.png
  artifactKey: Guid(fe3e0a556829be24bb87c912d79e872d) Importer(815301076,1909f56bfc062723c751e8b465ee728b)
Start importing Assets/Textures/Testing Textures/prototype_512x512_orange.png using Guid(fe3e0a556829be24bb87c912d79e872d) Importer(815301076,1909f56bfc062723c751e8b465ee728b)  -> (artifact id: '20c3a976ac747095d90c3464749582ce') in 0.040391 seconds 
========================================================================
Received Import Request.
  Time since last request: 0.000244 seconds.
  path: Assets/Textures/Testing Textures/prototype_512x512_olive.png
  artifactKey: Guid(9895b9b639c999f488492b5182e2242c) Importer(815301076,1909f56bfc062723c751e8b465ee728b)
Start importing Assets/Textures/Testing Textures/prototype_512x512_olive.png using Guid(9895b9b639c999f488492b5182e2242c) Importer(815301076,1909f56bfc062723c751e8b465ee728b)  -> (artifact id: '01a791bc3c753fdb13781f84c961669f') in 0.040513 seconds 
========================================================================
Received Import Request.
  Time since last request: 0.000200 seconds.
  path: Assets/Textures/Testing Textures/prototype_512x512_red.png
  artifactKey: Guid(3d6064e2e1cd7214e9f67f3a68f494fb) Importer(815301076,1909f56bfc062723c751e8b465ee728b)
Start importing Assets/Textures/Testing Textures/prototype_512x512_red.png using Guid(3d6064e2e1cd7214e9f67f3a68f494fb) Importer(815301076,1909f56bfc062723c751e8b465ee728b)  -> (artifact id: '746f3a6922a2a08f8ecb64e24066fb02') in 0.081802 seconds 
========================================================================
Received Import Request.
  Time since last request: 0.000198 seconds.
  path: Assets/Textures/TempBilder/nedladdning.png
  artifactKey: Guid(10a6022e35ae7c04991f45c69ed8bd5c) Importer(815301076,1909f56bfc062723c751e8b465ee728b)
Start importing Assets/Textures/TempBilder/nedladdning.png using Guid(10a6022e35ae7c04991f45c69ed8bd5c) Importer(815301076,1909f56bfc062723c751e8b465ee728b)  -> (artifact id: 'bf6eee663f4f9e5f86656405b0125da8') in 0.044521 seconds 
========================================================================
Received Import Request.
  Time since last request: 0.000301 seconds.
  path: Assets/Textures/Testing Textures/prototype_512x512_grey2.png
  artifactKey: Guid(37920ac3813690349a856bbe19a86e2b) Importer(815301076,1909f56bfc062723c751e8b465ee728b)
Start importing Assets/Textures/Testing Textures/prototype_512x512_grey2.png using Guid(37920ac3813690349a856bbe19a86e2b) Importer(815301076,1909f56bfc062723c751e8b465ee728b)  -> (artifact id: '3623dc6e2928ef467f11c94047e7fb67') in 0.084383 seconds 
========================================================================
Received Import Request.
  Time since last request: 0.000255 seconds.
  path: Assets/Textures/TempBilder/Military-War-Tank-png.png
  artifactKey: Guid(aae8ae6924e5db74e8a495cb4b490b3e) Importer(815301076,1909f56bfc062723c751e8b465ee728b)
Start importing Assets/Textures/TempBilder/Military-War-Tank-png.png using Guid(aae8ae6924e5db74e8a495cb4b490b3e) Importer(815301076,1909f56bfc062723c751e8b465ee728b)  -> (artifact id: 'e13ac8337533fe1b0fe2efdefb608011') in 0.041288 seconds 
========================================================================
Received Import Request.
  Time since last request: 0.000196 seconds.
  path: Assets/Textures/TempBilder/icon-tech-targeted-attacks.png
  artifactKey: Guid(e094655354410f344b35ef3f3af8a388) Importer(815301076,1909f56bfc062723c751e8b465ee728b)
Start importing Assets/Textures/TempBilder/icon-tech-targeted-attacks.png using Guid(e094655354410f344b35ef3f3af8a388) Importer(815301076,1909f56bfc062723c751e8b465ee728b)  -> (artifact id: '6e3b1cdd385e72f3361691fb4e364b93') in 0.048803 seconds 
========================================================================
Received Import Request.
  Time since last request: 0.000193 seconds.
  path: Assets/Textures/TempBilder/420-4208931_metal-rod-png-png-download-silver-rod-clipart.png
  artifactKey: Guid(dc5dd9bc323e51d48a532404662d64d0) Importer(815301076,1909f56bfc062723c751e8b465ee728b)
Start importing Assets/Textures/TempBilder/420-4208931_metal-rod-png-png-download-silver-rod-clipart.png using Guid(dc5dd9bc323e51d48a532404662d64d0) Importer(815301076,1909f56bfc062723c751e8b465ee728b)  -> (artifact id: 'eb0afef0a794fcbf615098549f5e701c') in 0.111391 seconds 
========================================================================
Received Import Request.
  Time since last request: 0.000279 seconds.
  path: Assets/Textures/Testing Textures/prototype_512x512_normal.png
  artifactKey: Guid(44ae09ed76086b14e82d37feb30c7650) Importer(815301076,1909f56bfc062723c751e8b465ee728b)
Start importing Assets/Textures/Testing Textures/prototype_512x512_normal.png using Guid(44ae09ed76086b14e82d37feb30c7650) Importer(815301076,1909f56bfc062723c751e8b465ee728b)  -> (artifact id: 'f231ca12c98c37054d05446ae40b377b') in 0.087228 seconds 
========================================================================
Received Import Request.
  Time since last request: 0.000233 seconds.
  path: Assets/Textures/Testing Textures/prototype_512x512_grey3.png
  artifactKey: Guid(d9c0dd5cdac07b145be73329e489869a) Importer(815301076,1909f56bfc062723c751e8b465ee728b)
Start importing Assets/Textures/Testing Textures/prototype_512x512_grey3.png using Guid(d9c0dd5cdac07b145be73329e489869a) Importer(815301076,1909f56bfc062723c751e8b465ee728b)  -> (artifact id: 'b4a8f305554aea85cc404abdce67a2c8') in 0.055948 seconds 
========================================================================
Received Import Request.
  Time since last request: 0.000224 seconds.
  path: Assets/Textures/TempBilder/Black_Down_Arrow.png
  artifactKey: Guid(8e989598b973e0b4797659802eb0c795) Importer(815301076,1909f56bfc062723c751e8b465ee728b)
Start importing Assets/Textures/TempBilder/Black_Down_Arrow.png using Guid(8e989598b973e0b4797659802eb0c795) Importer(815301076,1909f56bfc062723c751e8b465ee728b)  -> (artifact id: '08bfb028f3a915fe96f39458223ee11e') in 0.018919 seconds 
========================================================================
Received Import Request.
  Time since last request: 0.000268 seconds.
  path: Assets/Textures/Testing Textures/prototype_512x512_grey4.png
  artifactKey: Guid(ed0c2c8a99e92e14ba740ac8aa428288) Importer(815301076,1909f56bfc062723c751e8b465ee728b)
Start importing Assets/Textures/Testing Textures/prototype_512x512_grey4.png using Guid(ed0c2c8a99e92e14ba740ac8aa428288) Importer(815301076,1909f56bfc062723c751e8b465ee728b)  -> (artifact id: '61e00cf8f56338b1ba317dc0f38a1c2d') in 0.043907 seconds 
========================================================================
Received Import Request.
  Time since last request: 0.000215 seconds.
  path: Assets/Textures/TempBilder/Back_Arrow.svg.png
  artifactKey: Guid(147525ed49e75a548948a5f4698b1f12) Importer(815301076,1909f56bfc062723c751e8b465ee728b)
Start importing Assets/Textures/TempBilder/Back_Arrow.svg.png using Guid(147525ed49e75a548948a5f4698b1f12) Importer(815301076,1909f56bfc062723c751e8b465ee728b)  -> (artifact id: '9ecdd2b86a59ba5410b4f0654fcc7060') in 0.051642 seconds 
========================================================================
Received Prepare
Registering precompiled user dll's ...
Registered in 0.003312 seconds.
Begin MonoManager ReloadAssembly
Native extension for WindowsStandalone target not found
Native extension for WebGL target not found
Refreshing native plugins compatible for Editor in 0.67 ms, found 2 plugins.
Preloading 0 native plugins for Editor in 0.00 ms.
Mono: successfully reloaded assembly
- Completed reload, in  1.424 seconds
Domain Reload Profiling:
	ReloadAssembly (1424ms)
		BeginReloadAssembly (331ms)
			ExecutionOrderSort (0ms)
			DisableScriptedObjects (4ms)
			BackupInstance (0ms)
			ReleaseScriptingObjects (0ms)
			CreateAndSetChildDomain (43ms)
		EndReloadAssembly (1018ms)
			LoadAssemblies (305ms)
			RebuildTransferFunctionScriptingTraits (0ms)
			SetupTypeCache (326ms)
			ReleaseScriptCaches (1ms)
			RebuildScriptCaches (56ms)
			SetupLoadedEditorAssemblies (423ms)
				LogAssemblyErrors (0ms)
				InitializePlatformSupportModulesInManaged (4ms)
				SetLoadedEditorAssemblies (0ms)
				RefreshPlugins (1ms)
				BeforeProcessingInitializeOnLoad (84ms)
				ProcessInitializeOnLoadAttributes (316ms)
				ProcessInitializeOnLoadMethodAttributes (11ms)
				AfterProcessingInitializeOnLoad (7ms)
				EditorAssembliesLoaded (0ms)
			ExecutionOrderSort2 (0ms)
			AwakeInstancesAfterBackupRestoration (9ms)
Platform modules already initialized, skipping
Refreshing native plugins compatible for Editor in 0.69 ms, found 2 plugins.
Preloading 0 native plugins for Editor in 0.00 ms.
Unloading 3198 Unused Serialized files (Serialized files now loaded: 0)
System memory in use before: 148.4 MB.
System memory in use after: 148.6 MB.

Unloading 13 unused Assets to reduce memory usage. Loaded Objects now: 3865.
Total: 3.188400 ms (FindLiveObjects: 0.224700 ms CreateObjectMapping: 0.144200 ms MarkObjects: 2.775300 ms  DeleteObjects: 0.043500 ms)

AssetImportParameters requested are different than current active one (requested -> active):
  custom:framework-win-MediaFoundation: 216162199b28c13a410421893ffa2e32 -> 
  custom:video-decoder-ogg-theora: a1e56fd34408186e4bbccfd4996cb3dc -> 
  custom:container-muxer-webm: aa71ff27fc2769a1b78a27578f13a17b -> 
  custom:container-demuxer-webm: 4f35f7cbe854078d1ac9338744f61a02 -> 
  custom:container-demuxer-ogg: 62fdf1f143b41e24485cea50d1cbac27 -> 
  custom:video-encoder-webm-vp8: eb34c28f22e8b96e1ab97ce403110664 -> 
  custom:video-decoder-webm-vp8: 9c59270c3fd7afecdb556c50c9e8de78 -> 
  custom:audio-decoder-ogg-vorbis: bf7c407c2cedff20999df2af8eb42d56 -> 
  custom:audio-encoder-webm-vorbis: bf7c407c2cedff20999df2af8eb42d56 -> 
========================================================================
Received Import Request.
  Time since last request: 43.944163 seconds.
  path: Assets/Textures/TempBilder/nedladdning.png
  artifactKey: Guid(10a6022e35ae7c04991f45c69ed8bd5c) Importer(815301076,1909f56bfc062723c751e8b465ee728b)
Start importing Assets/Textures/TempBilder/nedladdning.png using Guid(10a6022e35ae7c04991f45c69ed8bd5c) Importer(815301076,1909f56bfc062723c751e8b465ee728b)  -> (artifact id: '9d4f4cdae895208c061184dfc43e490e') in 0.069563 seconds 
========================================================================
Received Import Request.
  Time since last request: 24.937863 seconds.
  path: Assets/Textures/Towers/SlowTower/SlowTower_low_DefaultMaterial_AlbedoTransparency.png
  artifactKey: Guid(c1b506dc1a98d4946b38f77a2e176f41) Importer(815301076,1909f56bfc062723c751e8b465ee728b)
Start importing Assets/Textures/Towers/SlowTower/SlowTower_low_DefaultMaterial_AlbedoTransparency.png using Guid(c1b506dc1a98d4946b38f77a2e176f41) Importer(815301076,1909f56bfc062723c751e8b465ee728b)  -> (artifact id: '83a5e0de93462bab702a69e7c0d684c8') in 0.021189 seconds 
========================================================================
Received Import Request.
  Time since last request: 0.000260 seconds.
  path: Assets/Textures/Towers/SlowTower/SlowTower_low_DefaultMaterial_Normal.png
  artifactKey: Guid(ee95ee624f69a2c4fb087b67d87780de) Importer(815301076,1909f56bfc062723c751e8b465ee728b)
Start importing Assets/Textures/Towers/SlowTower/SlowTower_low_DefaultMaterial_Normal.png using Guid(ee95ee624f69a2c4fb087b67d87780de) Importer(815301076,1909f56bfc062723c751e8b465ee728b)  -> (artifact id: 'e485bc529cebbe0206a41f4f19bae04e') in 0.109230 seconds 
========================================================================
Received Import Request.
  Time since last request: 0.000254 seconds.
  path: Assets/Textures/Towers/SlowTower/SlowTower_low_DefaultMaterial_MetallicSmoothness.png
  artifactKey: Guid(98890ad706ad5e34d9a8a693046108d8) Importer(815301076,1909f56bfc062723c751e8b465ee728b)
Start importing Assets/Textures/Towers/SlowTower/SlowTower_low_DefaultMaterial_MetallicSmoothness.png using Guid(98890ad706ad5e34d9a8a693046108d8) Importer(815301076,1909f56bfc062723c751e8b465ee728b)  -> (artifact id: 'e21e6a81b8c6f90b3fbce671218a679f') in 0.359543 seconds 
========================================================================
Received Import Request.
  Time since last request: 0.295590 seconds.
  path: Assets/Textures/Towers/Towerbase/TowerBase_low_DefaultMaterial_BaseMap.png
  artifactKey: Guid(a1afaf2126c0090498712af00db2b705) Importer(815301076,1909f56bfc062723c751e8b465ee728b)
Start importing Assets/Textures/Towers/Towerbase/TowerBase_low_DefaultMaterial_BaseMap.png using Guid(a1afaf2126c0090498712af00db2b705) Importer(815301076,1909f56bfc062723c751e8b465ee728b)  -> (artifact id: '4816d5176d71231f1317788c432081f0') in 0.032361 seconds 
========================================================================
Received Import Request.
  Time since last request: 0.000244 seconds.
  path: Assets/Textures/Towers/Towerbase/TowerBase_low_DefaultMaterial_Normal.png
  artifactKey: Guid(368f724152a879a4b997c9c9cf4cb875) Importer(815301076,1909f56bfc062723c751e8b465ee728b)
Start importing Assets/Textures/Towers/Towerbase/TowerBase_low_DefaultMaterial_Normal.png using Guid(368f724152a879a4b997c9c9cf4cb875) Importer(815301076,1909f56bfc062723c751e8b465ee728b)  -> (artifact id: 'c6729cf911436c94223b4b6e817a5c8d') in 0.026880 seconds 
========================================================================
Received Import Request.
  Time since last request: 0.000309 seconds.
  path: Assets/Textures/Towers/Towerbase/TowerBase_low_DefaultMaterial_MaskMap.png
  artifactKey: Guid(5f9d51ec07b075c41a7bf299dfe68587) Importer(815301076,1909f56bfc062723c751e8b465ee728b)
Start importing Assets/Textures/Towers/Towerbase/TowerBase_low_DefaultMaterial_MaskMap.png using Guid(5f9d51ec07b075c41a7bf299dfe68587) Importer(815301076,1909f56bfc062723c751e8b465ee728b)  -> (artifact id: '39f01637cb89407b479f889c912c15dd') in 0.030248 seconds 
========================================================================
Received Import Request.
  Time since last request: 2.489028 seconds.
  path: Assets/Textures/Towers/CannonTowers/1/cannon1_low_DefaultMaterial_BaseMap.png
  artifactKey: Guid(2faba711aa3803f41a5a4cf7522b0e46) Importer(815301076,1909f56bfc062723c751e8b465ee728b)
Start importing Assets/Textures/Towers/CannonTowers/1/cannon1_low_DefaultMaterial_BaseMap.png using Guid(2faba711aa3803f41a5a4cf7522b0e46) Importer(815301076,1909f56bfc062723c751e8b465ee728b)  -> (artifact id: '9cbf6f5210cba558590579f1f49c9aea') in 0.018215 seconds 
========================================================================
Received Import Request.
  Time since last request: 0.000302 seconds.
  path: Assets/Textures/Towers/CannonTowers/1/cannon1_low_DefaultMaterial_MaskMap.png
  artifactKey: Guid(403d577c1b7134c49bf4cabfd3d50b92) Importer(815301076,1909f56bfc062723c751e8b465ee728b)
Start importing Assets/Textures/Towers/CannonTowers/1/cannon1_low_DefaultMaterial_MaskMap.png using Guid(403d577c1b7134c49bf4cabfd3d50b92) Importer(815301076,1909f56bfc062723c751e8b465ee728b)  -> (artifact id: '3fa487fe0800165c11ed447eacde0dda') in 0.019763 seconds 
========================================================================
Received Import Request.
  Time since last request: 0.000342 seconds.
  path: Assets/Textures/Towers/CannonTowers/1/cannon1_low_DefaultMaterial_Normal.png
  artifactKey: Guid(d0fc35d1d0125cf4088f6241cc253b10) Importer(815301076,1909f56bfc062723c751e8b465ee728b)
Start importing Assets/Textures/Towers/CannonTowers/1/cannon1_low_DefaultMaterial_Normal.png using Guid(d0fc35d1d0125cf4088f6241cc253b10) Importer(815301076,1909f56bfc062723c751e8b465ee728b)  -> (artifact id: 'd521fd8c74b76f252f095c76012cf87f') in 0.064041 seconds 
========================================================================
Received Import Request.
  Time since last request: 0.478021 seconds.
  path: Assets/Textures/Towers/CannonTowers/2/Turret2_low_DefaultMaterial_BaseMap.png
  artifactKey: Guid(0b3d40c3fae3c4348b2988aac568c45c) Importer(815301076,1909f56bfc062723c751e8b465ee728b)
Start importing Assets/Textures/Towers/CannonTowers/2/Turret2_low_DefaultMaterial_BaseMap.png using Guid(0b3d40c3fae3c4348b2988aac568c45c) Importer(815301076,1909f56bfc062723c751e8b465ee728b)  -> (artifact id: '8b8935249964ddc007aad88923dd8ba4') in 0.099857 seconds 
========================================================================
Received Import Request.
  Time since last request: 0.000220 seconds.
  path: Assets/Textures/Towers/CannonTowers/2/Turret2_low_DefaultMaterial_MaskMap.png
  artifactKey: Guid(2471c6932c1912845a666a164e70cfde) Importer(815301076,1909f56bfc062723c751e8b465ee728b)
Start importing Assets/Textures/Towers/CannonTowers/2/Turret2_low_DefaultMaterial_MaskMap.png using Guid(2471c6932c1912845a666a164e70cfde) Importer(815301076,1909f56bfc062723c751e8b465ee728b)  -> (artifact id: '814a054f26b6d0e19c13ce381e7206ed') in 0.109304 seconds 
========================================================================
Received Import Request.
  Time since last request: 0.000208 seconds.
  path: Assets/Textures/Towers/CannonTowers/2/Turret2_low_DefaultMaterial_Normal.png
  artifactKey: Guid(610cb3cf07382aa4c8a9094a0c682ab3) Importer(815301076,1909f56bfc062723c751e8b465ee728b)
Start importing Assets/Textures/Towers/CannonTowers/2/Turret2_low_DefaultMaterial_Normal.png using Guid(610cb3cf07382aa4c8a9094a0c682ab3) Importer(815301076,1909f56bfc062723c751e8b465ee728b)  -> (artifact id: '427e7d5d1156f46a0936564bfd1fe60f') in 0.104156 seconds 
========================================================================
Received Import Request.
  Time since last request: 2.271484 seconds.
  path: Assets/Textures/Base/Base_Low_DefaultMaterial_AlbedoTransparency.png
  artifactKey: Guid(89b642f1689002b439be803d926a5ef8) Importer(815301076,1909f56bfc062723c751e8b465ee728b)
Start importing Assets/Textures/Base/Base_Low_DefaultMaterial_AlbedoTransparency.png using Guid(89b642f1689002b439be803d926a5ef8) Importer(815301076,1909f56bfc062723c751e8b465ee728b)  -> (artifact id: 'bcee6f8a4d081fcdefb7f3a4f2b0a6bc') in 0.021106 seconds 
========================================================================
Received Import Request.
  Time since last request: 0.000254 seconds.
  path: Assets/Textures/Base/Base_Low_DefaultMaterial_Normal.png
  artifactKey: Guid(962f5103baa3dae4485df71b8dbaa273) Importer(815301076,1909f56bfc062723c751e8b465ee728b)
Start importing Assets/Textures/Base/Base_Low_DefaultMaterial_Normal.png using Guid(962f5103baa3dae4485df71b8dbaa273) Importer(815301076,1909f56bfc062723c751e8b465ee728b)  -> (artifact id: '76e9a4b5cd83fb4294505a0b3e6f0632') in 0.112526 seconds 
========================================================================
Received Import Request.
  Time since last request: 0.000229 seconds.
  path: Assets/Textures/Base/Base_Low_DefaultMaterial_MetallicSmoothness.png
  artifactKey: Guid(cb6363866536ae54384649ed1847b3e6) Importer(815301076,1909f56bfc062723c751e8b465ee728b)
Start importing Assets/Textures/Base/Base_Low_DefaultMaterial_MetallicSmoothness.png using Guid(cb6363866536ae54384649ed1847b3e6) Importer(815301076,1909f56bfc062723c751e8b465ee728b)  -> (artifact id: '31b1aa9e21496f437c0f774e089178b1') in 0.020831 seconds 
========================================================================
Received Import Request.
  Time since last request: 0.546866 seconds.
  path: Assets/Textures/Floor/Sand_Water_ambientocclusion.png
  artifactKey: Guid(f886116667ec4384aa55ee9699816060) Importer(815301076,1909f56bfc062723c751e8b465ee728b)
Start importing Assets/Textures/Floor/Sand_Water_ambientocclusion.png using Guid(f886116667ec4384aa55ee9699816060) Importer(815301076,1909f56bfc062723c751e8b465ee728b)  -> (artifact id: '35d6bd0389a97129adce11952369552c') in 0.088730 seconds 
========================================================================
Received Import Request.
  Time since last request: 0.000296 seconds.
  path: Assets/Textures/Floor/Sand_Water_metallic.png
  artifactKey: Guid(cca885a47bac5bf41b12c26ec9bffa30) Importer(815301076,1909f56bfc062723c751e8b465ee728b)
Start importing Assets/Textures/Floor/Sand_Water_metallic.png using Guid(cca885a47bac5bf41b12c26ec9bffa30) Importer(815301076,1909f56bfc062723c751e8b465ee728b)  -> (artifact id: '10da272ca1b5c9cbb23440721adb7185') in 0.128699 seconds 
========================================================================
Received Import Request.
  Time since last request: 0.000211 seconds.
  path: Assets/Textures/Floor/Sand_Water_normal.png
  artifactKey: Guid(d09bef9762c747d49876738beead73cc) Importer(815301076,1909f56bfc062723c751e8b465ee728b)
Start importing Assets/Textures/Floor/Sand_Water_normal.png using Guid(d09bef9762c747d49876738beead73cc) Importer(815301076,1909f56bfc062723c751e8b465ee728b)  -> (artifact id: 'afef8086067e0bfe676ebb4def8a7a0b') in 0.105977 seconds 
========================================================================
Received Import Request.
  Time since last request: 0.000256 seconds.
  path: Assets/Textures/Floor/Sand_Water_height.png
  artifactKey: Guid(d61c49985004eab47b6b7dd10232b247) Importer(815301076,1909f56bfc062723c751e8b465ee728b)
Start importing Assets/Textures/Floor/Sand_Water_height.png using Guid(d61c49985004eab47b6b7dd10232b247) Importer(815301076,1909f56bfc062723c751e8b465ee728b)  -> (artifact id: 'f1c4a66c6e6efc4c790dd99fb4c732e6') in 0.111412 seconds 
========================================================================
Received Import Request.
  Time since last request: 0.000237 seconds.
  path: Assets/Textures/Floor/Sand_Water_basecolor.png
  artifactKey: Guid(3896d1a1a152e6e488f3e670a912af21) Importer(815301076,1909f56bfc062723c751e8b465ee728b)
Start importing Assets/Textures/Floor/Sand_Water_basecolor.png using Guid(3896d1a1a152e6e488f3e670a912af21) Importer(815301076,1909f56bfc062723c751e8b465ee728b)  -> (artifact id: '387efd8e4ead15b0aef0f7112a5cb734') in 0.078025 seconds 
========================================================================
Received Import Request.
  Time since last request: 0.000218 seconds.
  path: Assets/Textures/Floor/Sand_Water_roughness.png
  artifactKey: Guid(26c4a25dfb7c2184285f562bc9b39169) Importer(815301076,1909f56bfc062723c751e8b465ee728b)
Start importing Assets/Textures/Floor/Sand_Water_roughness.png using Guid(26c4a25dfb7c2184285f562bc9b39169) Importer(815301076,1909f56bfc062723c751e8b465ee728b)  -> (artifact id: 'a78f88396e34afecf86f2c50c133a502') in 0.184418 seconds 
========================================================================
Received Import Request.
  Time since last request: 0.117879 seconds.
  path: Assets/Textures/Garage/Garage_low_DefaultMaterial_AlbedoTransparency.png
  artifactKey: Guid(0c77d42b10433384fae6f43873771dad) Importer(815301076,1909f56bfc062723c751e8b465ee728b)
Start importing Assets/Textures/Garage/Garage_low_DefaultMaterial_AlbedoTransparency.png using Guid(0c77d42b10433384fae6f43873771dad) Importer(815301076,1909f56bfc062723c751e8b465ee728b)  -> (artifact id: '944a55f55c4c68e1aa03e7b76ca8965a') in 0.022276 seconds 
========================================================================
Received Import Request.
  Time since last request: 0.000281 seconds.
  path: Assets/Textures/Garage/Garage_low_DefaultMaterial_Normal.png
  artifactKey: Guid(a12dcab2bb6f84745be6912e079da6de) Importer(815301076,1909f56bfc062723c751e8b465ee728b)
Start importing Assets/Textures/Garage/Garage_low_DefaultMaterial_Normal.png using Guid(a12dcab2bb6f84745be6912e079da6de) Importer(815301076,1909f56bfc062723c751e8b465ee728b)  -> (artifact id: '990fa414d0e483fddee60c3cb9cf175c') in 0.039192 seconds 
========================================================================
Received Import Request.
  Time since last request: 0.000224 seconds.
  path: Assets/Textures/Garage/Garage_low_DefaultMaterial_MetallicSmoothness.png
  artifactKey: Guid(8c942cdd38bac6840b199a72094ff71f) Importer(815301076,1909f56bfc062723c751e8b465ee728b)
Start importing Assets/Textures/Garage/Garage_low_DefaultMaterial_MetallicSmoothness.png using Guid(8c942cdd38bac6840b199a72094ff71f) Importer(815301076,1909f56bfc062723c751e8b465ee728b)  -> (artifact id: '5f725db5396b185c25e1df5be7edbfc0') in 0.018455 seconds 
========================================================================
Received Import Request.
  Time since last request: 7.546362 seconds.
  path: Assets/Textures/TempBilder/icon-tech-targeted-attacks.png
  artifactKey: Guid(e094655354410f344b35ef3f3af8a388) Importer(815301076,1909f56bfc062723c751e8b465ee728b)
Start importing Assets/Textures/TempBilder/icon-tech-targeted-attacks.png using Guid(e094655354410f344b35ef3f3af8a388) Importer(815301076,1909f56bfc062723c751e8b465ee728b)  -> (artifact id: '9010b94f7bac128629dc19c836da6cc4') in 0.038267 seconds 
========================================================================
Received Import Request.
  Time since last request: 7.347638 seconds.
  path: Assets/Textures/TempBilder/Black_Down_Arrow.png
  artifactKey: Guid(8e989598b973e0b4797659802eb0c795) Importer(815301076,1909f56bfc062723c751e8b465ee728b)
Start importing Assets/Textures/TempBilder/Black_Down_Arrow.png using Guid(8e989598b973e0b4797659802eb0c795) Importer(815301076,1909f56bfc062723c751e8b465ee728b)  -> (artifact id: '30478b65967894e94a3e89d392086514') in 0.040130 seconds 
========================================================================
Received Prepare
Registering precompiled user dll's ...
Registered in 0.003258 seconds.
Begin MonoManager ReloadAssembly
Native extension for WindowsStandalone target not found
Native extension for WebGL target not found
Refreshing native plugins compatible for Editor in 0.70 ms, found 2 plugins.
Preloading 0 native plugins for Editor in 0.00 ms.
Mono: successfully reloaded assembly
- Completed reload, in  1.105 seconds
Domain Reload Profiling:
	ReloadAssembly (1105ms)
		BeginReloadAssembly (116ms)
			ExecutionOrderSort (0ms)
			DisableScriptedObjects (5ms)
			BackupInstance (0ms)
			ReleaseScriptingObjects (0ms)
			CreateAndSetChildDomain (34ms)
		EndReloadAssembly (932ms)
			LoadAssemblies (97ms)
			RebuildTransferFunctionScriptingTraits (0ms)
			SetupTypeCache (343ms)
			ReleaseScriptCaches (1ms)
			RebuildScriptCaches (38ms)
			SetupLoadedEditorAssemblies (339ms)
				LogAssemblyErrors (0ms)
				InitializePlatformSupportModulesInManaged (4ms)
				SetLoadedEditorAssemblies (0ms)
				RefreshPlugins (1ms)
				BeforeProcessingInitializeOnLoad (82ms)
				ProcessInitializeOnLoadAttributes (233ms)
				ProcessInitializeOnLoadMethodAttributes (12ms)
				AfterProcessingInitializeOnLoad (7ms)
				EditorAssembliesLoaded (0ms)
			ExecutionOrderSort2 (0ms)
			AwakeInstancesAfterBackupRestoration (9ms)
Platform modules already initialized, skipping
Refreshing native plugins compatible for Editor in 0.67 ms, found 2 plugins.
Preloading 0 native plugins for Editor in 0.00 ms.
Unloading 3198 Unused Serialized files (Serialized files now loaded: 0)
System memory in use before: 148.4 MB.
System memory in use after: 148.6 MB.

Unloading 13 unused Assets to reduce memory usage. Loaded Objects now: 3872.
Total: 3.392100 ms (FindLiveObjects: 0.222600 ms CreateObjectMapping: 0.143300 ms MarkObjects: 2.980600 ms  DeleteObjects: 0.044600 ms)

AssetImportParameters requested are different than current active one (requested -> active):
  custom:framework-win-MediaFoundation: 216162199b28c13a410421893ffa2e32 -> 
  custom:video-decoder-ogg-theora: a1e56fd34408186e4bbccfd4996cb3dc -> 
  custom:container-muxer-webm: aa71ff27fc2769a1b78a27578f13a17b -> 
  custom:container-demuxer-webm: 4f35f7cbe854078d1ac9338744f61a02 -> 
  custom:container-demuxer-ogg: 62fdf1f143b41e24485cea50d1cbac27 -> 
  custom:video-encoder-webm-vp8: eb34c28f22e8b96e1ab97ce403110664 -> 
  custom:video-decoder-webm-vp8: 9c59270c3fd7afecdb556c50c9e8de78 -> 
  custom:audio-decoder-ogg-vorbis: bf7c407c2cedff20999df2af8eb42d56 -> 
  custom:audio-encoder-webm-vorbis: bf7c407c2cedff20999df2af8eb42d56 -> 
========================================================================
Received Import Request.
  Time since last request: 2530.183697 seconds.
  path: Assets/Prefabs/UI/BuilderCursor.prefab
  artifactKey: Guid(2e70cc575af38ad488bf5330cf4b943d) Importer(815301076,1909f56bfc062723c751e8b465ee728b)
Start importing Assets/Prefabs/UI/BuilderCursor.prefab using Guid(2e70cc575af38ad488bf5330cf4b943d) Importer(815301076,1909f56bfc062723c751e8b465ee728b)  -> (artifact id: '690e9472764546f4d838cb1473bdf82c') in 0.410498 seconds 
========================================================================
Received Import Request.
  Time since last request: 0.000297 seconds.
  path: Assets/Prefabs/UI/UI.prefab
  artifactKey: Guid(5df48d97566997748a12d4ab8329f3e5) Importer(815301076,1909f56bfc062723c751e8b465ee728b)
Start importing Assets/Prefabs/UI/UI.prefab using Guid(5df48d97566997748a12d4ab8329f3e5) Importer(815301076,1909f56bfc062723c751e8b465ee728b)  -> (artifact id: 'd4f57090b7c06f5842258372609f991d') in 0.685080 seconds 
========================================================================
Received Import Request.
  Time since last request: 0.000281 seconds.
  path: Assets/Prefabs/UI/EnterTank.prefab
  artifactKey: Guid(2d7d6908674991845a4daadfc49d5b1d) Importer(815301076,1909f56bfc062723c751e8b465ee728b)
Start importing Assets/Prefabs/UI/EnterTank.prefab using Guid(2d7d6908674991845a4daadfc49d5b1d) Importer(815301076,1909f56bfc062723c751e8b465ee728b)  -> (artifact id: '88b75e13255fd06110b7f68a015a03a3') in 0.033533 seconds 
========================================================================
Received Import Request.
  Time since last request: 1.710082 seconds.
  path: Assets/Prefabs/Noah/HealthBar_Enemy.prefab
  artifactKey: Guid(6c76fb6c527c1db4d85a2e5af6aab512) Importer(815301076,1909f56bfc062723c751e8b465ee728b)
Start importing Assets/Prefabs/Noah/HealthBar_Enemy.prefab using Guid(6c76fb6c527c1db4d85a2e5af6aab512) Importer(815301076,1909f56bfc062723c751e8b465ee728b)  -> (artifact id: '6f6e32040f300c3c424cb52ea543ac56') in 0.258028 seconds 
========================================================================
Received Import Request.
  Time since last request: 0.000200 seconds.
  path: Assets/Prefabs/Noah/HealthBar_Player.prefab
  artifactKey: Guid(e661c134b733cde42a1a509849bb34e5) Importer(815301076,1909f56bfc062723c751e8b465ee728b)
Start importing Assets/Prefabs/Noah/HealthBar_Player.prefab using Guid(e661c134b733cde42a1a509849bb34e5) Importer(815301076,1909f56bfc062723c751e8b465ee728b)  -> (artifact id: 'c53d5bed9f4ee02eacd55a34683297b8') in 0.127022 seconds 
========================================================================
Received Import Request.
  Time since last request: 1.000027 seconds.
  path: Assets/Prefabs/Noah/HealthBar_Enemy.prefab
  artifactKey: Guid(6c76fb6c527c1db4d85a2e5af6aab512) Importer(815301076,1909f56bfc062723c751e8b465ee728b)
Start importing Assets/Prefabs/Noah/HealthBar_Enemy.prefab using Guid(6c76fb6c527c1db4d85a2e5af6aab512) Importer(815301076,1909f56bfc062723c751e8b465ee728b)  -> (artifact id: '44ecdd1b3c6cbf460d104ef41ce882b7') in 0.009512 seconds 
